2009-12-30 16:02:09 Notice: Notice (1024): Please change the value of 'Security.salt' in app/config/core.php to a salt value specific to your application in [CORE/cake/libs/debugger.php, line 557]
2009-12-30 16:25:26 Notice: Notice (8): Undefined index:  id in [CORE/cake/libs/view/scaffolds/index.ctp, line 65]
2009-12-30 16:25:26 Notice: Notice (8): Undefined index:  id in [CORE/cake/libs/view/scaffolds/index.ctp, line 66]
2009-12-30 16:25:26 Notice: Notice (8): Undefined index:  id in [CORE/cake/libs/view/scaffolds/index.ctp, line 67]
2009-12-30 16:27:50 Notice: Notice (8): Undefined index:  id in [APP/views/content_type_dccs/index.ctp, line 171]
2009-12-30 16:27:50 Notice: Notice (8): Undefined index:  id in [APP/views/content_type_dccs/index.ctp, line 172]
2009-12-30 16:27:50 Notice: Notice (8): Undefined index:  id in [APP/views/content_type_dccs/index.ctp, line 173]
2009-12-30 16:40:13 Notice: Notice (8): Undefined index:  id in [APP/views/content_type_dccs/index.ctp, line 171]
2009-12-30 16:40:13 Notice: Notice (8): Undefined index:  id in [APP/views/content_type_dccs/index.ctp, line 172]
2009-12-30 16:40:13 Notice: Notice (8): Undefined index:  id in [APP/views/content_type_dccs/index.ctp, line 173]
2009-12-30 16:40:21 Notice: Notice (8): Undefined index:  id in [APP/views/content_type_dccs/index.ctp, line 171]
2009-12-30 16:40:21 Notice: Notice (8): Undefined index:  id in [APP/views/content_type_dccs/index.ctp, line 172]
2009-12-30 16:40:21 Notice: Notice (8): Undefined index:  id in [APP/views/content_type_dccs/index.ctp, line 173]
2009-12-30 16:48:42 Notice: Notice (8): Undefined index:  id in [APP/views/content_type_dccs/index.ctp, line 35]
2009-12-30 16:48:42 Notice: Notice (8): Undefined index:  id in [APP/views/content_type_dccs/index.ctp, line 36]
2009-12-30 16:48:42 Notice: Notice (8): Undefined index:  id in [APP/views/content_type_dccs/index.ctp, line 37]
2009-12-30 16:49:09 Notice: Notice (8): Undefined index:  id in [APP/views/content_type_dccs/index.ctp, line 37]
2009-12-30 16:57:56 Notice: Notice (8): Undefined index:  id in [CORE/cake/libs/view/scaffolds/index.ctp, line 65]
2009-12-30 16:57:56 Notice: Notice (8): Undefined index:  id in [CORE/cake/libs/view/scaffolds/index.ctp, line 66]
2009-12-30 16:57:56 Notice: Notice (8): Undefined index:  id in [CORE/cake/libs/view/scaffolds/index.ctp, line 67]
2009-12-30 17:39:28 Notice: Notice (8): Array to string conversion in [CORE/cake/libs/model/datasources/dbo_source.php, line 1689]
2009-12-30 17:39:28 Notice: Notice (8): Array to string conversion in [CORE/cake/libs/model/datasources/dbo_source.php, line 1693]
2009-12-30 17:39:28 Notice: Notice (8): Array to string conversion in [CORE/cake/libs/model/datasources/dbo_source.php, line 1697]
2009-12-30 17:39:28 Notice: Notice (8): Array to string conversion in [CORE/cake/libs/model/datasources/dbo_source.php, line 1698]
2009-12-30 17:40:04 Notice: Notice (8): Array to string conversion in [CORE/cake/libs/model/datasources/dbo_source.php, line 1689]
2009-12-30 17:40:04 Notice: Notice (8): Array to string conversion in [CORE/cake/libs/model/datasources/dbo_source.php, line 1693]
2009-12-30 17:40:04 Notice: Notice (8): Array to string conversion in [CORE/cake/libs/model/datasources/dbo_source.php, line 1697]
2009-12-30 17:40:05 Notice: Notice (8): Array to string conversion in [CORE/cake/libs/model/datasources/dbo_source.php, line 1698]
2009-12-30 17:53:47 Notice: Notice (8): Undefined variable: legacy_url in [APP/controllers/content_type_dccs_controller.php, line 37]
2009-12-30 17:53:47 Notice: Notice (8): Undefined variable: node_id in [APP/controllers/content_type_dccs_controller.php, line 37]
2009-12-30 17:53:48 Notice: Notice (8): Undefined variable: now in [APP/controllers/content_type_dccs_controller.php, line 37]
2009-12-30 17:53:59 Notice: Notice (8): Undefined variable: legacy_url in [APP/controllers/content_type_dccs_controller.php, line 37]
2009-12-30 17:54:00 Notice: Notice (8): Undefined variable: node_id in [APP/controllers/content_type_dccs_controller.php, line 37]
2009-12-30 17:54:00 Notice: Notice (8): Undefined variable: now in [APP/controllers/content_type_dccs_controller.php, line 37]
2009-12-31 09:16:07 Notice: Notice (8): Undefined variable: output in [APP/controllers/content_type_dccs_controller.php, line 44]
2009-12-31 09:28:21 Notice: Notice (8): Undefined variable: output in [APP/controllers/content_type_dccs_controller.php, line 48]
2009-12-31 09:29:25 Notice: Notice (8): Undefined index:  nid in [APP/controllers/content_type_dccs_controller.php, line 40]
2009-12-31 09:29:39 Notice: Notice (8): Undefined index:  nid in [APP/controllers/content_type_dccs_controller.php, line 40]
2009-12-31 09:33:45 Notice: Notice (8): Undefined variable: output in [APP/controllers/content_type_dccs_controller.php, line 51]
2009-12-31 09:38:14 Notice: Notice (8): Undefined variable: output in [APP/controllers/content_type_dccs_controller.php, line 53]
2009-12-31 09:38:41 Notice: Notice (8): Undefined variable: output in [APP/controllers/content_type_dccs_controller.php, line 55]
2009-12-31 10:15:13 Notice: Notice (8): Undefined property: ContentTypeDccsController::$CompanyRegion in [APP/controllers/content_type_dccs_controller.php, line 50]
2009-12-31 10:16:19 Notice: Notice (8): Undefined property: ContentTypeDccsController::$CompaniesRegion in [APP/controllers/content_type_dccs_controller.php, line 50]
2009-12-31 10:18:48 Notice: Notice (8): Undefined property: ContentTypeDccsController::$CompaniesRegion in [APP/controllers/content_type_dccs_controller.php, line 25]
2009-12-31 14:07:22 Notice: Notice (8): Undefined property: LegacySurveyResponsesController::$Survey in [APP/controllers/legacy_survey_responses_controller.php, line 8]
2009-12-31 14:11:10 Notice: Notice (8): Undefined index:  id in [CORE/cake/libs/view/scaffolds/index.ctp, line 65]
2009-12-31 14:11:10 Notice: Notice (8): Undefined index:  id in [CORE/cake/libs/view/scaffolds/index.ctp, line 66]
2009-12-31 14:11:10 Notice: Notice (8): Undefined index:  id in [CORE/cake/libs/view/scaffolds/index.ctp, line 67]
2009-12-31 14:18:34 Notice: Notice (8): Undefined property: LegacySurveyResponsesController::$LegacySurveyResponse in [APP/controllers/legacy_survey_responses_controller.php, line 8]
2009-12-31 14:23:16 Notice: Notice (8): Undefined index:  id in [CORE/cake/libs/view/scaffolds/index.ctp, line 65]
2009-12-31 14:23:16 Notice: Notice (8): Undefined index:  id in [CORE/cake/libs/view/scaffolds/index.ctp, line 66]
2009-12-31 14:23:16 Notice: Notice (8): Undefined index:  id in [CORE/cake/libs/view/scaffolds/index.ctp, line 67]
2009-12-31 14:37:11 Notice: Notice (8): Undefined index:  CompaniesRegion in [APP/controllers/legacy_survey_responses_controller.php, line 11]
2009-12-31 14:37:52 Notice: Notice (8): Undefined index:  CompaniesRegion in [APP/controllers/legacy_survey_responses_controller.php, line 11]
2009-12-31 14:39:13 Notice: Notice (8): Undefined index:  CompaniesRegion in [APP/controllers/legacy_survey_responses_controller.php, line 11]
2009-12-31 14:40:48 Notice: Notice (8): Undefined index:  CompaniesRegion in [APP/controllers/legacy_survey_responses_controller.php, line 11]
2009-12-31 14:41:10 Notice: Notice (8): Undefined index:  CompaniesRegion in [APP/controllers/legacy_survey_responses_controller.php, line 12]
2009-12-31 14:42:05 Notice: Notice (8): Undefined variable: output in [APP/controllers/legacy_survey_responses_controller.php, line 19]
2009-12-31 15:05:49 Notice: Notice (8): Undefined variable: output in [APP/controllers/legacy_survey_responses_controller.php, line 19]
2009-12-31 15:06:17 Notice: Notice (8): Undefined index:  CompaniesRegion in [APP/controllers/legacy_survey_responses_controller.php, line 13]
2009-12-31 15:10:25 Notice: Notice (8): Undefined index:  dst in [APP/controllers/legacy_survey_responses_controller.php, line 22]
2009-12-31 15:10:48 Notice: Notice (8): Undefined index:  dst in [APP/controllers/legacy_survey_responses_controller.php, line 22]
2009-12-31 15:11:17 Notice: Notice (8): Undefined index:  dst in [APP/controllers/legacy_survey_responses_controller.php, line 22]
2009-12-31 15:11:56 Notice: Notice (8): Undefined index:  dst in [APP/controllers/legacy_survey_responses_controller.php, line 22]
2009-12-31 15:12:16 Notice: Notice (8): Undefined index:  dst in [APP/controllers/legacy_survey_responses_controller.php, line 25]
2009-12-31 15:12:48 Notice: Notice (8): Undefined index:  dst in [APP/controllers/legacy_survey_responses_controller.php, line 25]
2009-12-31 15:22:05 Notice: Notice (8): Undefined variable: now in [APP/controllers/legacy_survey_responses_controller.php, line 30]
2009-12-31 16:04:37 Notice: Notice (8): Undefined variable: output in [APP/controllers/legacy_survey_responses_controller.php, line 21]
2009-12-31 16:04:37 Notice: Notice (8): Undefined variable: redirects in [APP/controllers/legacy_survey_responses_controller.php, line 28]
2009-12-31 16:05:02 Notice: Notice (8): Undefined variable: output in [APP/controllers/legacy_survey_responses_controller.php, line 21]
2009-12-31 16:05:02 Notice: Notice (8): Undefined variable: redirects in [APP/controllers/legacy_survey_responses_controller.php, line 28]
2009-12-31 16:05:08 Notice: Notice (8): Undefined variable: output in [APP/controllers/legacy_survey_responses_controller.php, line 21]
2009-12-31 16:05:08 Notice: Notice (8): Undefined variable: redirects in [APP/controllers/legacy_survey_responses_controller.php, line 28]
2009-12-31 16:05:10 Notice: Notice (8): Undefined variable: output in [APP/controllers/legacy_survey_responses_controller.php, line 21]
2009-12-31 16:05:10 Notice: Notice (8): Undefined variable: redirects in [APP/controllers/legacy_survey_responses_controller.php, line 28]
2009-12-31 16:08:17 Notice: Notice (8): Undefined variable: output in [APP/controllers/legacy_survey_responses_controller.php, line 21]
2009-12-31 16:08:17 Notice: Notice (8): Undefined variable: redirects in [APP/controllers/legacy_survey_responses_controller.php, line 28]
2009-12-31 16:10:54 Notice: Notice (8): Undefined variable: output in [APP/controllers/legacy_survey_customs_controller.php, line 21]
2009-12-31 16:10:54 Notice: Notice (8): Undefined variable: redirects in [APP/controllers/legacy_survey_customs_controller.php, line 28]
2009-12-31 16:11:54 Notice: Notice (8): Undefined variable: output in [APP/controllers/legacy_survey_customs_controller.php, line 21]
2009-12-31 16:11:54 Notice: Notice (8): Undefined variable: redirects in [APP/controllers/legacy_survey_customs_controller.php, line 28]
2009-12-31 16:14:10 Notice: Notice (8): Undefined index:  LegacySurveyCustom in [APP/controllers/legacy_survey_responses_controller.php, line 46]
2009-12-31 16:15:33 Notice: Notice (8): Undefined index:  LegacySurveyCustom in [APP/controllers/legacy_survey_responses_controller.php, line 48]
2009-12-31 16:16:46 Notice: Notice (8): Undefined index:  LegacySurveyCustom in [APP/controllers/legacy_survey_responses_controller.php, line 50]
2009-12-31 16:17:25 Notice: Notice (8): Undefined index:  LegacySurveyCustom in [APP/controllers/legacy_survey_responses_controller.php, line 50]
2010-01-04 12:03:18 Notice: Notice (8): Undefined offset:  0 in [APP/controllers/nodes_controller.php, line 49]
2010-01-04 12:03:18 Notice: Notice (8): Undefined index:   in [APP/controllers/nodes_controller.php, line 49]
2010-01-04 12:04:02 Notice: Notice (8): Undefined offset:  0 in [APP/controllers/nodes_controller.php, line 49]
2010-01-04 12:04:02 Notice: Notice (8): Undefined offset:  1 in [APP/controllers/nodes_controller.php, line 49]
2010-01-04 12:04:02 Notice: Notice (8): Undefined offset:  2 in [APP/controllers/nodes_controller.php, line 49]
2010-01-04 12:04:02 Notice: Notice (8): Undefined offset:  3 in [APP/controllers/nodes_controller.php, line 49]
2010-01-04 12:04:02 Notice: Notice (8): Undefined offset:  4 in [APP/controllers/nodes_controller.php, line 49]
2010-01-04 12:04:02 Notice: Notice (8): Undefined offset:  5 in [APP/controllers/nodes_controller.php, line 49]
2010-01-04 12:04:02 Notice: Notice (8): Undefined offset:  6 in [APP/controllers/nodes_controller.php, line 49]
2010-01-04 12:04:02 Notice: Notice (8): Undefined offset:  7 in [APP/controllers/nodes_controller.php, line 49]
2010-01-04 12:04:02 Notice: Notice (8): Undefined offset:  8 in [APP/controllers/nodes_controller.php, line 49]
2010-01-04 12:04:02 Notice: Notice (8): Undefined offset:  9 in [APP/controllers/nodes_controller.php, line 49]
2010-01-04 12:04:02 Notice: Notice (8): Undefined offset:  10 in [APP/controllers/nodes_controller.php, line 49]
2010-01-04 12:04:02 Notice: Notice (8): Undefined offset:  11 in [APP/controllers/nodes_controller.php, line 49]
2010-01-04 12:04:02 Notice: Notice (8): Undefined offset:  12 in [APP/controllers/nodes_controller.php, line 49]
2010-01-04 12:04:03 Notice: Notice (8): Undefined offset:  13 in [APP/controllers/nodes_controller.php, line 49]
2010-01-04 12:04:03 Notice: Notice (8): Undefined offset:  14 in [APP/controllers/nodes_controller.php, line 49]
2010-01-04 12:04:03 Notice: Notice (8): Undefined offset:  15 in [APP/controllers/nodes_controller.php, line 49]
2010-01-04 12:04:03 Notice: Notice (8): Undefined offset:  16 in [APP/controllers/nodes_controller.php, line 49]
2010-01-04 12:04:03 Notice: Notice (8): Undefined offset:  17 in [APP/controllers/nodes_controller.php, line 49]
2010-01-04 12:04:03 Notice: Notice (8): Undefined offset:  18 in [APP/controllers/nodes_controller.php, line 49]
2010-01-04 12:04:03 Notice: Notice (8): Undefined offset:  19 in [APP/controllers/nodes_controller.php, line 49]
2010-01-04 12:04:03 Notice: Notice (8): Undefined offset:  20 in [APP/controllers/nodes_controller.php, line 49]
2010-01-04 12:04:03 Notice: Notice (8): Undefined offset:  21 in [APP/controllers/nodes_controller.php, line 49]
2010-01-04 12:04:03 Notice: Notice (8): Undefined offset:  22 in [APP/controllers/nodes_controller.php, line 49]
2010-01-04 12:04:03 Notice: Notice (8): Undefined offset:  23 in [APP/controllers/nodes_controller.php, line 49]
2010-01-04 12:04:03 Notice: Notice (8): Undefined offset:  24 in [APP/controllers/nodes_controller.php, line 49]
2010-01-04 12:04:03 Notice: Notice (8): Undefined offset:  25 in [APP/controllers/nodes_controller.php, line 49]
2010-01-04 12:04:03 Notice: Notice (8): Undefined offset:  26 in [APP/controllers/nodes_controller.php, line 49]
2010-01-04 12:04:03 Notice: Notice (8): Undefined offset:  27 in [APP/controllers/nodes_controller.php, line 49]
2010-01-04 12:04:03 Notice: Notice (8): Undefined offset:  28 in [APP/controllers/nodes_controller.php, line 49]
2010-01-04 12:04:03 Notice: Notice (8): Undefined offset:  29 in [APP/controllers/nodes_controller.php, line 49]
2010-01-04 12:04:44 Notice: Notice (8): Undefined offset:  0 in [APP/controllers/nodes_controller.php, line 49]
2010-01-04 12:04:44 Notice: Notice (8): Undefined index:   in [APP/controllers/nodes_controller.php, line 49]
2010-01-04 12:04:44 Notice: Notice (8): Undefined offset:  1 in [APP/controllers/nodes_controller.php, line 49]
2010-01-04 12:04:44 Notice: Notice (8): Undefined offset:  2 in [APP/controllers/nodes_controller.php, line 49]
2010-01-04 12:04:44 Notice: Notice (8): Undefined offset:  3 in [APP/controllers/nodes_controller.php, line 49]
2010-01-04 12:04:44 Notice: Notice (8): Undefined offset:  4 in [APP/controllers/nodes_controller.php, line 49]
2010-01-04 12:04:44 Notice: Notice (8): Undefined offset:  5 in [APP/controllers/nodes_controller.php, line 49]
2010-01-04 12:04:44 Notice: Notice (8): Undefined offset:  6 in [APP/controllers/nodes_controller.php, line 49]
2010-01-04 12:04:44 Notice: Notice (8): Undefined offset:  7 in [APP/controllers/nodes_controller.php, line 49]
2010-01-04 12:04:44 Notice: Notice (8): Undefined offset:  8 in [APP/controllers/nodes_controller.php, line 49]
2010-01-04 12:04:44 Notice: Notice (8): Undefined offset:  9 in [APP/controllers/nodes_controller.php, line 49]
2010-01-04 12:04:44 Notice: Notice (8): Undefined offset:  10 in [APP/controllers/nodes_controller.php, line 49]
2010-01-04 12:04:44 Notice: Notice (8): Undefined offset:  11 in [APP/controllers/nodes_controller.php, line 49]
2010-01-04 12:04:44 Notice: Notice (8): Undefined offset:  12 in [APP/controllers/nodes_controller.php, line 49]
2010-01-04 12:04:44 Notice: Notice (8): Undefined offset:  13 in [APP/controllers/nodes_controller.php, line 49]
2010-01-04 12:04:44 Notice: Notice (8): Undefined offset:  14 in [APP/controllers/nodes_controller.php, line 49]
2010-01-04 12:04:44 Notice: Notice (8): Undefined offset:  15 in [APP/controllers/nodes_controller.php, line 49]
2010-01-04 12:04:44 Notice: Notice (8): Undefined offset:  16 in [APP/controllers/nodes_controller.php, line 49]
2010-01-04 12:04:44 Notice: Notice (8): Undefined offset:  17 in [APP/controllers/nodes_controller.php, line 49]
2010-01-04 12:04:44 Notice: Notice (8): Undefined offset:  18 in [APP/controllers/nodes_controller.php, line 49]
2010-01-04 12:04:44 Notice: Notice (8): Undefined offset:  19 in [APP/controllers/nodes_controller.php, line 49]
2010-01-04 12:04:44 Notice: Notice (8): Undefined offset:  20 in [APP/controllers/nodes_controller.php, line 49]
2010-01-04 12:04:44 Notice: Notice (8): Undefined offset:  21 in [APP/controllers/nodes_controller.php, line 49]
2010-01-04 12:04:44 Notice: Notice (8): Undefined offset:  22 in [APP/controllers/nodes_controller.php, line 49]
2010-01-04 12:04:44 Notice: Notice (8): Undefined offset:  23 in [APP/controllers/nodes_controller.php, line 49]
2010-01-04 12:04:44 Notice: Notice (8): Undefined offset:  24 in [APP/controllers/nodes_controller.php, line 49]
2010-01-04 12:04:44 Notice: Notice (8): Undefined offset:  25 in [APP/controllers/nodes_controller.php, line 49]
2010-01-04 12:04:44 Notice: Notice (8): Undefined offset:  26 in [APP/controllers/nodes_controller.php, line 49]
2010-01-04 12:04:44 Notice: Notice (8): Undefined offset:  27 in [APP/controllers/nodes_controller.php, line 49]
2010-01-04 12:04:44 Notice: Notice (8): Undefined offset:  28 in [APP/controllers/nodes_controller.php, line 49]
2010-01-04 12:04:44 Notice: Notice (8): Undefined offset:  29 in [APP/controllers/nodes_controller.php, line 49]
2010-01-04 12:20:25 Notice: Notice (8): Undefined variable: now in [APP/controllers/nodes_controller.php, line 16]
2010-01-04 12:20:59 Notice: Notice (8): Undefined variable: now in [APP/controllers/nodes_controller.php, line 16]
2010-01-04 12:24:12 Notice: Notice (8): Undefined variable: abs_urls in [APP/controllers/nodes_controller.php, line 61]
2010-01-04 14:54:48 Notice: Notice (8): Undefined variable: input in [APP/controllers/nodes_controller.php, line 112]
2010-01-04 14:54:49 Notice: Notice (8): Undefined variable: output in [APP/controllers/nodes_controller.php, line 118]
