2009-12-30 17:17:50 Warning: Warning (512): <span style = "color:Red;text-align:left"><b>SQL Error:</b> 1054: Unknown column 'ContentTypeDcc.company_id' in 'on clause'</span> in [CORE/cake/libs/model/datasources/dbo_source.php, line 525]
2009-12-30 17:17:50 Warning: Warning (2): Invalid argument supplied for foreach() in [APP/views/content_type_dccs/index.ctp, line 19]
2009-12-30 17:18:02 Warning: Warning (512): <span style = "color:Red;text-align:left"><b>SQL Error:</b> 1054: Unknown column 'ContentTypeDcc.companies_region_id' in 'on clause'</span> in [CORE/cake/libs/model/datasources/dbo_source.php, line 525]
2009-12-30 17:18:02 Warning: Warning (2): Invalid argument supplied for foreach() in [APP/views/content_type_dccs/index.ctp, line 19]
2009-12-30 17:38:56 Warning: Warning (512): <span style = "color:Red;text-align:left"><b>SQL Error:</b> 1064: You have an error in your SQL syntax; check the manual that corresponds to your MySQL server version for the right syntax to use near ' nid' at line 1</span> in [CORE/cake/libs/model/datasources/dbo_source.php, line 525]
2009-12-30 17:39:13 Warning: Warning (512): <span style = "color:Red;text-align:left"><b>SQL Error:</b> 1054: Unknown column 'fields' in 'where clause'</span> in [CORE/cake/libs/model/datasources/dbo_source.php, line 525]
2009-12-30 17:39:28 Warning: Warning (2): preg_match() expects parameter 2 to be string, array given in [CORE/cake/libs/model/datasources/dbo_source.php, line 1684]
2009-12-30 17:39:28 Warning: Warning (2): preg_match() expects parameter 2 to be string, array given in [CORE/cake/libs/model/datasources/dbo_source.php, line 1686]
2009-12-30 17:39:28 Warning: Warning (512): <span style = "color:Red;text-align:left"><b>SQL Error:</b> 1054: Unknown column 'ContentTypeDcc.Array' in 'field list'</span> in [CORE/cake/libs/model/datasources/dbo_source.php, line 525]
2009-12-30 17:40:04 Warning: Warning (2): preg_match() expects parameter 2 to be string, array given in [CORE/cake/libs/model/datasources/dbo_source.php, line 1684]
2009-12-30 17:40:04 Warning: Warning (2): preg_match() expects parameter 2 to be string, array given in [CORE/cake/libs/model/datasources/dbo_source.php, line 1686]
2009-12-30 17:40:05 Warning: Warning (512): <span style = "color:Red;text-align:left"><b>SQL Error:</b> 1054: Unknown column 'ContentTypeDcc.Array' in 'field list'</span> in [CORE/cake/libs/model/datasources/dbo_source.php, line 525]
2009-12-31 09:16:07 Warning: Warning (512): <span style = "color:Red;text-align:left"><b>SQL Error:</b> 1064: You have an error in your SQL syntax; check the manual that corresponds to your MySQL server version for the right syntax to use near 'ORDER BY `nid` ASC' at line 1</span> in [CORE/cake/libs/model/datasources/dbo_source.php, line 525]
2009-12-31 09:16:07 Warning: Warning (2): Invalid argument supplied for foreach() in [APP/controllers/content_type_dccs_controller.php, line 37]
2009-12-31 09:16:07 Warning: Warning (2): array_unique() [<a href='http://php.net/function.array-unique'>function.array-unique</a>]: The argument should be an array in [APP/controllers/content_type_dccs_controller.php, line 44]
2009-12-31 09:28:21 Warning: Warning (512): <span style = "color:Red;text-align:left"><b>SQL Error:</b> 1064: You have an error in your SQL syntax; check the manual that corresponds to your MySQL server version for the right syntax to use near 'DISTINCT `CompaniesRegion`.`legacy_url` <> ''   ORDER BY `nid` ASC' at line 1</span> in [CORE/cake/libs/model/datasources/dbo_source.php, line 525]
2009-12-31 09:28:21 Warning: Warning (2): Invalid argument supplied for foreach() in [APP/controllers/content_type_dccs_controller.php, line 37]
2009-12-31 09:28:21 Warning: Warning (2): implode() [<a href='http://php.net/function.implode'>function.implode</a>]: Invalid arguments passed in [APP/controllers/content_type_dccs_controller.php, line 48]
2009-12-31 09:33:45 Warning: Warning (512): <span style = "color:Red;text-align:left"><b>SQL Error:</b> 1054: Unknown column 'ContentTypeDcc.legacy_url' in 'field list'</span> in [CORE/cake/libs/model/datasources/dbo_source.php, line 525]
2009-12-31 09:33:45 Warning: Warning (2): Invalid argument supplied for foreach() in [APP/controllers/content_type_dccs_controller.php, line 38]
2009-12-31 09:33:45 Warning: Warning (2): implode() [<a href='http://php.net/function.implode'>function.implode</a>]: Invalid arguments passed in [APP/controllers/content_type_dccs_controller.php, line 51]
2009-12-31 09:36:52 Warning: Warning (2): in_array() [<a href='http://php.net/function.in-array'>function.in-array</a>]: Wrong datatype for second argument in [APP/controllers/content_type_dccs_controller.php, line 42]
2009-12-31 09:38:14 Warning: Warning (2): implode() [<a href='http://php.net/function.implode'>function.implode</a>]: Invalid arguments passed in [APP/controllers/content_type_dccs_controller.php, line 53]
2009-12-31 09:38:41 Warning: Warning (2): implode() [<a href='http://php.net/function.implode'>function.implode</a>]: Invalid arguments passed in [APP/controllers/content_type_dccs_controller.php, line 55]
2009-12-31 09:39:57 Warning: Warning (2): in_array() [<a href='http://php.net/function.in-array'>function.in-array</a>]: Wrong datatype for second argument in [APP/controllers/content_type_dccs_controller.php, line 42]
2009-12-31 10:17:10 Warning: Warning (512): <span style = "color:Red;text-align:left"><b>SQL Error:</b> 1064: You have an error in your SQL syntax; check the manual that corresponds to your MySQL server version for the right syntax to use near 'DISTINCT `CompaniesRegion`.`legacy_url` FROM `drupal_content_type_dcc` AS `Conte' at line 1</span> in [CORE/cake/libs/model/datasources/dbo_source.php, line 525]
2009-12-31 10:17:10 Warning: Warning (2): Invalid argument supplied for foreach() in [APP/views/content_type_dccs/index.ctp, line 19]
2009-12-31 10:17:47 Warning: Warning (512): <span style = "color:Red;text-align:left"><b>SQL Error:</b> 1064: You have an error in your SQL syntax; check the manual that corresponds to your MySQL server version for the right syntax to use near 'DISTINCT `CompaniesRegion`.`legacy_url` FROM `drupal_content_type_dcc` AS `Conte' at line 1</span> in [CORE/cake/libs/model/datasources/dbo_source.php, line 525]
2009-12-31 10:17:47 Warning: Warning (2): Invalid argument supplied for foreach() in [APP/views/content_type_dccs/index.ctp, line 19]
2009-12-31 10:17:57 Warning: Warning (512): <span style = "color:Red;text-align:left"><b>SQL Error:</b> 1064: You have an error in your SQL syntax; check the manual that corresponds to your MySQL server version for the right syntax to use near 'DISTINCT `CompaniesRegion`.`legacy_url` FROM `drupal_content_type_dcc` AS `Conte' at line 1</span> in [CORE/cake/libs/model/datasources/dbo_source.php, line 525]
2009-12-31 10:17:58 Warning: Warning (2): Invalid argument supplied for foreach() in [CORE/cake/libs/view/scaffolds/index.ctp, line 41]
2009-12-31 13:37:10 Warning: Warning (2): in_array() [<a href='http://php.net/function.in-array'>function.in-array</a>]: Wrong datatype for second argument in [CORE/cake/libs/controller/scaffold.php, line 403]
2009-12-31 13:37:22 Warning: Warning (2): in_array() [<a href='http://php.net/function.in-array'>function.in-array</a>]: Wrong datatype for second argument in [CORE/cake/libs/controller/scaffold.php, line 403]
2009-12-31 13:37:37 Warning: Warning (2): in_array() [<a href='http://php.net/function.in-array'>function.in-array</a>]: Wrong datatype for second argument in [CORE/cake/libs/controller/scaffold.php, line 403]
2009-12-31 14:09:40 Warning: Warning (512): <span style = "color:Red;text-align:left"><b>SQL Error:</b> 1054: Unknown column 'LegacySurveyResponse.source' in 'on clause'</span> in [CORE/cake/libs/model/datasources/dbo_source.php, line 525]
2009-12-31 14:09:59 Warning: Warning (512): <span style = "color:Red;text-align:left"><b>SQL Error:</b> 1054: Unknown column 'LegacySurveyResponse.source' in 'on clause'</span> in [CORE/cake/libs/model/datasources/dbo_source.php, line 525]
2009-12-31 14:11:58 Warning: Warning (512): <span style = "color:Red;text-align:left"><b>SQL Error:</b> 1054: Unknown column 'LegacySurveyResponse.source' in 'on clause'</span> in [CORE/cake/libs/model/datasources/dbo_source.php, line 525]
2009-12-31 14:14:43 Warning: Warning (512): <span style = "color:Red;text-align:left"><b>SQL Error:</b> 1054: Unknown column 'Redirect.legacy_url' in 'field list'</span> in [CORE/cake/libs/model/datasources/dbo_source.php, line 525]
2009-12-31 14:14:43 Warning: Warning (2): Invalid argument supplied for foreach() in [CORE/cake/libs/model/datasources/dbo_source.php, line 918]
2009-12-31 14:15:45 Warning: Warning (512): <span style = "color:Red;text-align:left"><b>SQL Error:</b> 1054: Unknown column 'Redirect.legacy_url' in 'field list'</span> in [CORE/cake/libs/model/datasources/dbo_source.php, line 525]
2009-12-31 14:15:45 Warning: Warning (2): Invalid argument supplied for foreach() in [CORE/cake/libs/model/datasources/dbo_source.php, line 918]
2009-12-31 14:42:05 Warning: Warning (512): <span style = "color:Red;text-align:left"><b>SQL Error:</b> 1054: Unknown column 'Redirect.redirect' in 'field list'</span> in [CORE/cake/libs/model/datasources/dbo_source.php, line 525]
2009-12-31 14:42:05 Warning: Warning (2): Invalid argument supplied for foreach() in [APP/controllers/legacy_survey_responses_controller.php, line 12]
2009-12-31 15:05:49 Warning: Warning (512): <span style = "color:Red;text-align:left"><b>SQL Error:</b> 1054: Unknown column 'Redirect.redirect' in 'field list'</span> in [CORE/cake/libs/model/datasources/dbo_source.php, line 525]
2009-12-31 15:05:49 Warning: Warning (2): Invalid argument supplied for foreach() in [APP/controllers/legacy_survey_responses_controller.php, line 12]
2009-12-31 16:04:37 Warning: Warning (512): <span style = "color:Red;text-align:left"><b>SQL Error:</b> 1054: Unknown column 'CompaniesRegion.legacy_url' in 'field list'</span> in [CORE/cake/libs/model/datasources/dbo_source.php, line 525]
2009-12-31 16:04:37 Warning: Warning (2): Invalid argument supplied for foreach() in [APP/controllers/legacy_survey_responses_controller.php, line 12]
2009-12-31 16:04:37 Warning: Warning (2): Invalid argument supplied for foreach() in [APP/controllers/legacy_survey_responses_controller.php, line 21]
2009-12-31 16:04:37 Warning: Warning (2): array_unique() [<a href='http://php.net/function.array-unique'>function.array-unique</a>]: The argument should be an array in [APP/controllers/legacy_survey_responses_controller.php, line 28]
2009-12-31 16:04:37 Warning: Warning (2): ksort() expects parameter 1 to be array, boolean given in [APP/controllers/legacy_survey_responses_controller.php, line 29]
2009-12-31 16:05:02 Warning: Warning (512): <span style = "color:Red;text-align:left"><b>SQL Error:</b> 1054: Unknown column 'CompaniesRegion.legacy_url' in 'field list'</span> in [CORE/cake/libs/model/datasources/dbo_source.php, line 525]
2009-12-31 16:05:02 Warning: Warning (2): Invalid argument supplied for foreach() in [APP/controllers/legacy_survey_responses_controller.php, line 12]
2009-12-31 16:05:02 Warning: Warning (2): Invalid argument supplied for foreach() in [APP/controllers/legacy_survey_responses_controller.php, line 21]
2009-12-31 16:05:02 Warning: Warning (2): array_unique() [<a href='http://php.net/function.array-unique'>function.array-unique</a>]: The argument should be an array in [APP/controllers/legacy_survey_responses_controller.php, line 28]
2009-12-31 16:05:02 Warning: Warning (2): ksort() expects parameter 1 to be array, boolean given in [APP/controllers/legacy_survey_responses_controller.php, line 29]
2009-12-31 16:05:08 Warning: Warning (512): <span style = "color:Red;text-align:left"><b>SQL Error:</b> 1054: Unknown column 'CompaniesRegion.legacy_url' in 'field list'</span> in [CORE/cake/libs/model/datasources/dbo_source.php, line 525]
2009-12-31 16:05:08 Warning: Warning (2): Invalid argument supplied for foreach() in [APP/controllers/legacy_survey_responses_controller.php, line 12]
2009-12-31 16:05:08 Warning: Warning (2): Invalid argument supplied for foreach() in [APP/controllers/legacy_survey_responses_controller.php, line 21]
2009-12-31 16:05:08 Warning: Warning (2): array_unique() [<a href='http://php.net/function.array-unique'>function.array-unique</a>]: The argument should be an array in [APP/controllers/legacy_survey_responses_controller.php, line 28]
2009-12-31 16:05:08 Warning: Warning (2): ksort() expects parameter 1 to be array, boolean given in [APP/controllers/legacy_survey_responses_controller.php, line 29]
2009-12-31 16:05:10 Warning: Warning (512): <span style = "color:Red;text-align:left"><b>SQL Error:</b> 1054: Unknown column 'CompaniesRegion.legacy_url' in 'field list'</span> in [CORE/cake/libs/model/datasources/dbo_source.php, line 525]
2009-12-31 16:05:10 Warning: Warning (2): Invalid argument supplied for foreach() in [APP/controllers/legacy_survey_responses_controller.php, line 12]
2009-12-31 16:05:10 Warning: Warning (2): Invalid argument supplied for foreach() in [APP/controllers/legacy_survey_responses_controller.php, line 21]
2009-12-31 16:05:10 Warning: Warning (2): array_unique() [<a href='http://php.net/function.array-unique'>function.array-unique</a>]: The argument should be an array in [APP/controllers/legacy_survey_responses_controller.php, line 28]
2009-12-31 16:05:10 Warning: Warning (2): ksort() expects parameter 1 to be array, boolean given in [APP/controllers/legacy_survey_responses_controller.php, line 29]
2009-12-31 16:08:17 Warning: Warning (512): <span style = "color:Red;text-align:left"><b>SQL Error:</b> 1052: Column 'legacy_url' in where clause is ambiguous</span> in [CORE/cake/libs/model/datasources/dbo_source.php, line 525]
2009-12-31 16:08:17 Warning: Warning (2): Invalid argument supplied for foreach() in [APP/controllers/legacy_survey_responses_controller.php, line 12]
2009-12-31 16:08:17 Warning: Warning (2): Invalid argument supplied for foreach() in [APP/controllers/legacy_survey_responses_controller.php, line 21]
2009-12-31 16:08:17 Warning: Warning (2): array_unique() [<a href='http://php.net/function.array-unique'>function.array-unique</a>]: The argument should be an array in [APP/controllers/legacy_survey_responses_controller.php, line 28]
2009-12-31 16:08:17 Warning: Warning (2): ksort() expects parameter 1 to be array, boolean given in [APP/controllers/legacy_survey_responses_controller.php, line 29]
2009-12-31 16:10:54 Warning: Warning (512): <span style = "color:Red;text-align:left"><b>SQL Error:</b> 1054: Unknown column 'LegacySurveyCustom.legacy_url' in 'field list'</span> in [CORE/cake/libs/model/datasources/dbo_source.php, line 525]
2009-12-31 16:10:54 Warning: Warning (2): Invalid argument supplied for foreach() in [APP/controllers/legacy_survey_customs_controller.php, line 12]
2009-12-31 16:10:54 Warning: Warning (2): Invalid argument supplied for foreach() in [APP/controllers/legacy_survey_customs_controller.php, line 21]
2009-12-31 16:10:54 Warning: Warning (2): array_unique() [<a href='http://php.net/function.array-unique'>function.array-unique</a>]: The argument should be an array in [APP/controllers/legacy_survey_customs_controller.php, line 28]
2009-12-31 16:10:54 Warning: Warning (2): ksort() expects parameter 1 to be array, boolean given in [APP/controllers/legacy_survey_customs_controller.php, line 29]
2009-12-31 16:11:54 Warning: Warning (512): <span style = "color:Red;text-align:left"><b>SQL Error:</b> 1054: Unknown column 'LegacySurveyCustom.legacy_url' in 'field list'</span> in [CORE/cake/libs/model/datasources/dbo_source.php, line 525]
2009-12-31 16:11:54 Warning: Warning (2): Invalid argument supplied for foreach() in [APP/controllers/legacy_survey_customs_controller.php, line 12]
2009-12-31 16:11:54 Warning: Warning (2): Invalid argument supplied for foreach() in [APP/controllers/legacy_survey_customs_controller.php, line 21]
2009-12-31 16:11:54 Warning: Warning (2): array_unique() [<a href='http://php.net/function.array-unique'>function.array-unique</a>]: The argument should be an array in [APP/controllers/legacy_survey_customs_controller.php, line 28]
2009-12-31 16:11:54 Warning: Warning (2): ksort() expects parameter 1 to be array, boolean given in [APP/controllers/legacy_survey_customs_controller.php, line 29]
2010-01-04 10:46:39 Warning: Warning (512): <span style = "color:Red;text-align:left"><b>SQL Error:</b> 1064: You have an error in your SQL syntax; check the manual that corresponds to your MySQL server version for the right syntax to use near 'DISTINCT `CompaniesRegion`.`legacy_url` FROM `drupal_content_type_dcc` AS `Conte' at line 1</span> in [CORE/cake/libs/model/datasources/dbo_source.php, line 525]
2010-01-04 10:47:09 Warning: Warning (512): <span style = "color:Red;text-align:left"><b>SQL Error:</b> 1064: You have an error in your SQL syntax; check the manual that corresponds to your MySQL server version for the right syntax to use near 'DISTINCT `CompaniesRegion`.`legacy_url` FROM `drupal_content_type_dcc` AS `Conte' at line 1</span> in [CORE/cake/libs/model/datasources/dbo_source.php, line 525]
2010-01-04 10:47:32 Warning: Warning (512): <span style = "color:Red;text-align:left"><b>SQL Error:</b> 1064: You have an error in your SQL syntax; check the manual that corresponds to your MySQL server version for the right syntax to use near 'DISTINCT `CompaniesRegion`.`legacy_url` FROM `drupal_content_type_dcc` AS `Conte' at line 1</span> in [CORE/cake/libs/model/datasources/dbo_source.php, line 525]
2010-01-04 10:56:33 Warning: Warning (2): sort() expects parameter 1 to be array, null given in [APP/controllers/nodes_controller.php, line 11]
2010-01-04 10:57:05 Warning: Warning (2): sort() expects parameter 1 to be array, null given in [APP/controllers/nodes_controller.php, line 11]
2010-01-04 10:57:05 Warning: Warning (512): <span style = "color:Red;text-align:left"><b>SQL Error:</b> 1064: You have an error in your SQL syntax; check the manual that corresponds to your MySQL server version for the right syntax to use near 'DISTINCT `CompaniesRegion`.`legacy_url` FROM `drupal_content_type_dcc` AS `Conte' at line 1</span> in [CORE/cake/libs/model/datasources/dbo_source.php, line 525]
2010-01-04 10:57:14 Warning: Warning (512): <span style = "color:Red;text-align:left"><b>SQL Error:</b> 1064: You have an error in your SQL syntax; check the manual that corresponds to your MySQL server version for the right syntax to use near 'DISTINCT `CompaniesRegion`.`legacy_url` FROM `drupal_content_type_dcc` AS `Conte' at line 1</span> in [CORE/cake/libs/model/datasources/dbo_source.php, line 525]
2010-01-04 14:54:48 Warning: Warning (2): Invalid argument supplied for foreach() in [APP/controllers/nodes_controller.php, line 112]
2010-01-04 14:54:49 Warning: Warning (2): implode() [<a href='http://php.net/function.implode'>function.implode</a>]: Invalid arguments passed in [APP/controllers/nodes_controller.php, line 118]
